[2017-02-16 11:13:53] local.ERROR: exception 'PDOException' with message 'SQLSTATE[HY000] [1045] Access denied for user 'homestead'@'localhost' (using password: YES)' in /var/www/html/Testing_Area/solar_system/vendor/laravel/framework/src/Illuminate/Database/Connectors/Connector.php:68
Stack trace:
#0 /var/www/html/Testing_Area/solar_system/vendor/laravel/framework/src/Illuminate/Database/Connectors/Connector.php(68): PDO->__construct('mysql:host=127....', 'homestead', 'secret', Array)
#1 /var/www/html/Testing_Area/solar_system/vendor/laravel/framework/src/Illuminate/Database/Connectors/Connector.php(45): Illuminate\Database\Connectors\Connector->createPdoConnection('mysql:host=127....', 'homestead', 'secret', Array)
#2 /var/www/html/Testing_Area/solar_system/vendor/laravel/framework/src/Illuminate/Database/Connectors/MySqlConnector.php(24): Illuminate\Database\Connectors\Connector->createConnection('mysql:host=127....', Array, Array)
#3 /var/www/html/Testing_Area/solar_system/vendor/laravel/framework/src/Illuminate/Database/Connectors/ConnectionFactory.php(183): Illuminate\Database\Connectors\MySqlConnector->connect(Array)
#4 [internal function]: Illuminate\Database\Connectors\ConnectionFactory->Illuminate\Database\Connectors\{closure}()
#5 /var/www/html/Testing_Area/solar_system/vendor/laravel/framework/src/Illuminate/Database/Connection.php(882): call_user_func(Object(Closure))
#6 /var/www/html/Testing_Area/solar_system/vendor/laravel/framework/src/Illuminate/Database/Connection.php(903): Illuminate\Database\Connection->getPdo()
#7 /var/www/html/Testing_Area/solar_system/vendor/laravel/framework/src/Illuminate/Database/Connection.php(392): Illuminate\Database\Connection->getReadPdo()
#8 /var/www/html/Testing_Area/solar_system/vendor/laravel/framework/src/Illuminate/Database/Connection.php(318): Illuminate\Database\Connection->getPdoForSelect(true)
#9 /var/www/html/Testing_Area/solar_system/vendor/laravel/framework/src/Illuminate/Database/Connection.php(640): Illuminate\Database\Connection->Illuminate\Database\{closure}('select * from i...', Array)
#10 /var/www/html/Testing_Area/solar_system/vendor/laravel/framework/src/Illuminate/Database/Connection.php(607): Illuminate\Database\Connection->runQueryCallback('select * from i...', Array, Object(Closure))
#11 /var/www/html/Testing_Area/solar_system/vendor/laravel/framework/src/Illuminate/Database/Connection.php(326): Illuminate\Database\Connection->run('select * from i...', Array, Object(Closure))
#12 /var/www/html/Testing_Area/solar_system/vendor/laravel/framework/src/Illuminate/Database/Schema/MySqlBuilder.php(19): Illuminate\Database\Connection->select('select * from i...', Array)
#13 /var/www/html/Testing_Area/solar_system/vendor/laravel/framework/src/Illuminate/Database/Migrations/DatabaseMigrationRepository.php(154): Illuminate\Database\Schema\MySqlBuilder->hasTable('migrations')
#14 /var/www/html/Testing_Area/solar_system/vendor/laravel/framework/src/Illuminate/Database/Migrations/Migrator.php(530): Illuminate\Database\Migrations\DatabaseMigrationRepository->repositoryExists()
#15 /var/www/html/Testing_Area/solar_system/vendor/laravel/framework/src/Illuminate/Database/Console/Migrations/MigrateCommand.php(96): Illuminate\Database\Migrations\Migrator->repositoryExists()
#16 /var/www/html/Testing_Area/solar_system/vendor/laravel/framework/src/Illuminate/Database/Console/Migrations/MigrateCommand.php(62): Illuminate\Database\Console\Migrations\MigrateCommand->prepareDatabase()
#17 [internal function]: Illuminate\Database\Console\Migrations\MigrateCommand->fire()
#18 /var/www/html/Testing_Area/solar_system/vendor/laravel/framework/src/Illuminate/Container/BoundMethod.php(29): call_user_func_array(Array, Array)
#19 /var/www/html/Testing_Area/solar_system/vendor/laravel/framework/src/Illuminate/Support/helpers.php(912): Illuminate\Container\BoundMethod::Illuminate\Container\{closure}()
#20 /var/www/html/Testing_Area/solar_system/vendor/laravel/framework/src/Illuminate/Container/BoundMethod.php(86): value(Object(Closure))
#21 /var/www/html/Testing_Area/solar_system/vendor/laravel/framework/src/Illuminate/Container/BoundMethod.php(30): Illuminate\Container\BoundMethod::callBoundMethod(Object(Illuminate\Foundation\Application), Array, Object(Closure))
#22 /var/www/html/Testing_Area/solar_system/vendor/laravel/framework/src/Illuminate/Container/Container.php(524): Illuminate\Container\BoundMethod::call(Object(Illuminate\Foundation\Application), Array, Array, NULL)
#23 /var/www/html/Testing_Area/solar_system/vendor/laravel/framework/src/Illuminate/Console/Command.php(182): Illuminate\Container\Container->call(Array)
#24 /var/www/html/Testing_Area/solar_system/vendor/symfony/console/Command/Command.php(262): Illuminate\Console\Command->execute(Object(Symfony\Component\Console\Input\ArgvInput), Object(Illuminate\Console\OutputStyle))
#25 /var/www/html/Testing_Area/solar_system/vendor/laravel/framework/src/Illuminate/Console/Command.php(168): Symfony\Component\Console\Command\Command->run(Object(Symfony\Component\Console\Input\ArgvInput), Object(Illuminate\Console\OutputStyle))
#26 /var/www/html/Testing_Area/solar_system/vendor/symfony/console/Application.php(826): Illuminate\Console\Command->run(Object(Symfony\Component\Console\Input\ArgvInput), Object(Symfony\Component\Console\Output\ConsoleOutput))
#27 /var/www/html/Testing_Area/solar_system/vendor/symfony/console/Application.php(189): Symfony\Component\Console\Application->doRunCommand(Object(Illuminate\Database\Console\Migrations\MigrateCommand), Object(Symfony\Component\Console\Input\ArgvInput), Object(Symfony\Component\Console\Output\ConsoleOutput))
#28 /var/www/html/Testing_Area/solar_system/vendor/symfony/console/Application.php(120): Symfony\Component\Console\Application->doRun(Object(Symfony\Component\Console\Input\ArgvInput), Object(Symfony\Component\Console\Output\ConsoleOutput))
#29 /var/www/html/Testing_Area/solar_system/vendor/laravel/framework/src/Illuminate/Foundation/Console/Kernel.php(123): Symfony\Component\Console\Application->run(Object(Symfony\Component\Console\Input\ArgvInput), Object(Symfony\Component\Console\Output\ConsoleOutput))
#30 /var/www/html/Testing_Area/solar_system/artisan(36): Illuminate\Foundation\Console\Kernel->handle(Object(Symfony\Component\Console\Input\ArgvInput), Object(Symfony\Component\Console\Output\ConsoleOutput))
#31 {main}  
[2017-02-16 11:13:53] local.ERROR: exception 'PDOException' with message 'SQLSTATE[HY000] [1045] Access denied for user 'homestead'@'localhost' (using password: YES)' in /var/www/html/Testing_Area/solar_system/vendor/laravel/framework/src/Illuminate/Database/Connectors/Connector.php:68
Stack trace:
#0 /var/www/html/Testing_Area/solar_system/vendor/laravel/framework/src/Illuminate/Database/Connectors/Connector.php(68): PDO->__construct('mysql:host=127....', 'homestead', 'secret', Array)
#1 /var/www/html/Testing_Area/solar_system/vendor/laravel/framework/src/Illuminate/Database/Connectors/Connector.php(45): Illuminate\Database\Connectors\Connector->createPdoConnection('mysql:host=127....', 'homestead', 'secret', Array)
#2 /var/www/html/Testing_Area/solar_system/vendor/laravel/framework/src/Illuminate/Database/Connectors/MySqlConnector.php(24): Illuminate\Database\Connectors\Connector->createConnection('mysql:host=127....', Array, Array)
#3 /var/www/html/Testing_Area/solar_system/vendor/laravel/framework/src/Illuminate/Database/Connectors/ConnectionFactory.php(183): Illuminate\Database\Connectors\MySqlConnector->connect(Array)
#4 [internal function]: Illuminate\Database\Connectors\ConnectionFactory->Illuminate\Database\Connectors\{closure}()
#5 /var/www/html/Testing_Area/solar_system/vendor/laravel/framework/src/Illuminate/Database/Connection.php(882): call_user_func(Object(Closure))
#6 /var/www/html/Testing_Area/solar_system/vendor/laravel/framework/src/Illuminate/Database/Connection.php(903): Illuminate\Database\Connection->getPdo()
#7 /var/www/html/Testing_Area/solar_system/vendor/laravel/framework/src/Illuminate/Database/Connection.php(392): Illuminate\Database\Connection->getReadPdo()
#8 /var/www/html/Testing_Area/solar_system/vendor/laravel/framework/src/Illuminate/Database/Connection.php(318): Illuminate\Database\Connection->getPdoForSelect(true)
#9 /var/www/html/Testing_Area/solar_system/vendor/laravel/framework/src/Illuminate/Database/Connection.php(640): Illuminate\Database\Connection->Illuminate\Database\{closure}('select * from i...', Array)
#10 /var/www/html/Testing_Area/solar_system/vendor/laravel/framework/src/Illuminate/Database/Connection.php(607): Illuminate\Database\Connection->runQueryCallback('select * from i...', Array, Object(Closure))
#11 /var/www/html/Testing_Area/solar_system/vendor/laravel/framework/src/Illuminate/Database/Connection.php(326): Illuminate\Database\Connection->run('select * from i...', Array, Object(Closure))
#12 /var/www/html/Testing_Area/solar_system/vendor/laravel/framework/src/Illuminate/Database/Schema/MySqlBuilder.php(19): Illuminate\Database\Connection->select('select * from i...', Array)
#13 /var/www/html/Testing_Area/solar_system/vendor/laravel/framework/src/Illuminate/Database/Migrations/DatabaseMigrationRepository.php(154): Illuminate\Database\Schema\MySqlBuilder->hasTable('migrations')
#14 /var/www/html/Testing_Area/solar_system/vendor/laravel/framework/src/Illuminate/Database/Migrations/Migrator.php(530): Illuminate\Database\Migrations\DatabaseMigrationRepository->repositoryExists()
#15 /var/www/html/Testing_Area/solar_system/vendor/laravel/framework/src/Illuminate/Database/Console/Migrations/MigrateCommand.php(96): Illuminate\Database\Migrations\Migrator->repositoryExists()
#16 /var/www/html/Testing_Area/solar_system/vendor/laravel/framework/src/Illuminate/Database/Console/Migrations/MigrateCommand.php(62): Illuminate\Database\Console\Migrations\MigrateCommand->prepareDatabase()
#17 [internal function]: Illuminate\Database\Console\Migrations\MigrateCommand->fire()
#18 /var/www/html/Testing_Area/solar_system/vendor/laravel/framework/src/Illuminate/Container/BoundMethod.php(29): call_user_func_array(Array, Array)
#19 /var/www/html/Testing_Area/solar_system/vendor/laravel/framework/src/Illuminate/Support/helpers.php(912): Illuminate\Container\BoundMethod::Illuminate\Container\{closure}()
#20 /var/www/html/Testing_Area/solar_system/vendor/laravel/framework/src/Illuminate/Container/BoundMethod.php(86): value(Object(Closure))
#21 /var/www/html/Testing_Area/solar_system/vendor/laravel/framework/src/Illuminate/Container/BoundMethod.php(30): Illuminate\Container\BoundMethod::callBoundMethod(Object(Illuminate\Foundation\Application), Array, Object(Closure))
#22 /var/www/html/Testing_Area/solar_system/vendor/laravel/framework/src/Illuminate/Container/Container.php(524): Illuminate\Container\BoundMethod::call(Object(Illuminate\Foundation\Application), Array, Array, NULL)
#23 /var/www/html/Testing_Area/solar_system/vendor/laravel/framework/src/Illuminate/Console/Command.php(182): Illuminate\Container\Container->call(Array)
#24 /var/www/html/Testing_Area/solar_system/vendor/symfony/console/Command/Command.php(262): Illuminate\Console\Command->execute(Object(Symfony\Component\Console\Input\ArgvInput), Object(Illuminate\Console\OutputStyle))
#25 /var/www/html/Testing_Area/solar_system/vendor/laravel/framework/src/Illuminate/Console/Command.php(168): Symfony\Component\Console\Command\Command->run(Object(Symfony\Component\Console\Input\ArgvInput), Object(Illuminate\Console\OutputStyle))
#26 /var/www/html/Testing_Area/solar_system/vendor/symfony/console/Application.php(826): Illuminate\Console\Command->run(Object(Symfony\Component\Console\Input\ArgvInput), Object(Symfony\Component\Console\Output\ConsoleOutput))
#27 /var/www/html/Testing_Area/solar_system/vendor/symfony/console/Application.php(189): Symfony\Component\Console\Application->doRunCommand(Object(Illuminate\Database\Console\Migrations\MigrateCommand), Object(Symfony\Component\Console\Input\ArgvInput), Object(Symfony\Component\Console\Output\ConsoleOutput))
#28 /var/www/html/Testing_Area/solar_system/vendor/symfony/console/Application.php(120): Symfony\Component\Console\Application->doRun(Object(Symfony\Component\Console\Input\ArgvInput), Object(Symfony\Component\Console\Output\ConsoleOutput))
#29 /var/www/html/Testing_Area/solar_system/vendor/laravel/framework/src/Illuminate/Foundation/Console/Kernel.php(123): Symfony\Component\Console\Application->run(Object(Symfony\Component\Console\Input\ArgvInput), Object(Symfony\Component\Console\Output\ConsoleOutput))
#30 /var/www/html/Testing_Area/solar_system/artisan(36): Illuminate\Foundation\Console\Kernel->handle(Object(Symfony\Component\Console\Input\ArgvInput), Object(Symfony\Component\Console\Output\ConsoleOutput))
#31 {main}

Next exception 'Illuminate\Database\QueryException' with message 'SQLSTATE[HY000] [1045] Access denied for user 'homestead'@'localhost' (using password: YES) (SQL: select * from information_schema.tables where table_schema = homestead and table_name = migrations)' in /var/www/html/Testing_Area/solar_system/vendor/laravel/framework/src/Illuminate/Database/Connection.php:647
Stack trace:
#0 /var/www/html/Testing_Area/solar_system/vendor/laravel/framework/src/Illuminate/Database/Connection.php(607): Illuminate\Database\Connection->runQueryCallback('select * from i...', Array, Object(Closure))
#1 /var/www/html/Testing_Area/solar_system/vendor/laravel/framework/src/Illuminate/Database/Connection.php(326): Illuminate\Database\Connection->run('select * from i...', Array, Object(Closure))
#2 /var/www/html/Testing_Area/solar_system/vendor/laravel/framework/src/Illuminate/Database/Schema/MySqlBuilder.php(19): Illuminate\Database\Connection->select('select * from i...', Array)
#3 /var/www/html/Testing_Area/solar_system/vendor/laravel/framework/src/Illuminate/Database/Migrations/DatabaseMigrationRepository.php(154): Illuminate\Database\Schema\MySqlBuilder->hasTable('migrations')
#4 /var/www/html/Testing_Area/solar_system/vendor/laravel/framework/src/Illuminate/Database/Migrations/Migrator.php(530): Illuminate\Database\Migrations\DatabaseMigrationRepository->repositoryExists()
#5 /var/www/html/Testing_Area/solar_system/vendor/laravel/framework/src/Illuminate/Database/Console/Migrations/MigrateCommand.php(96): Illuminate\Database\Migrations\Migrator->repositoryExists()
#6 /var/www/html/Testing_Area/solar_system/vendor/laravel/framework/src/Illuminate/Database/Console/Migrations/MigrateCommand.php(62): Illuminate\Database\Console\Migrations\MigrateCommand->prepareDatabase()
#7 [internal function]: Illuminate\Database\Console\Migrations\MigrateCommand->fire()
#8 /var/www/html/Testing_Area/solar_system/vendor/laravel/framework/src/Illuminate/Container/BoundMethod.php(29): call_user_func_array(Array, Array)
#9 /var/www/html/Testing_Area/solar_system/vendor/laravel/framework/src/Illuminate/Support/helpers.php(912): Illuminate\Container\BoundMethod::Illuminate\Container\{closure}()
#10 /var/www/html/Testing_Area/solar_system/vendor/laravel/framework/src/Illuminate/Container/BoundMethod.php(86): value(Object(Closure))
#11 /var/www/html/Testing_Area/solar_system/vendor/laravel/framework/src/Illuminate/Container/BoundMethod.php(30): Illuminate\Container\BoundMethod::callBoundMethod(Object(Illuminate\Foundation\Application), Array, Object(Closure))
#12 /var/www/html/Testing_Area/solar_system/vendor/laravel/framework/src/Illuminate/Container/Container.php(524): Illuminate\Container\BoundMethod::call(Object(Illuminate\Foundation\Application), Array, Array, NULL)
#13 /var/www/html/Testing_Area/solar_system/vendor/laravel/framework/src/Illuminate/Console/Command.php(182): Illuminate\Container\Container->call(Array)
#14 /var/www/html/Testing_Area/solar_system/vendor/symfony/console/Command/Command.php(262): Illuminate\Console\Command->execute(Object(Symfony\Component\Console\Input\ArgvInput), Object(Illuminate\Console\OutputStyle))
#15 /var/www/html/Testing_Area/solar_system/vendor/laravel/framework/src/Illuminate/Console/Command.php(168): Symfony\Component\Console\Command\Command->run(Object(Symfony\Component\Console\Input\ArgvInput), Object(Illuminate\Console\OutputStyle))
#16 /var/www/html/Testing_Area/solar_system/vendor/symfony/console/Application.php(826): Illuminate\Console\Command->run(Object(Symfony\Component\Console\Input\ArgvInput), Object(Symfony\Component\Console\Output\ConsoleOutput))
#17 /var/www/html/Testing_Area/solar_system/vendor/symfony/console/Application.php(189): Symfony\Component\Console\Application->doRunCommand(Object(Illuminate\Database\Console\Migrations\MigrateCommand), Object(Symfony\Component\Console\Input\ArgvInput), Object(Symfony\Component\Console\Output\ConsoleOutput))
#18 /var/www/html/Testing_Area/solar_system/vendor/symfony/console/Application.php(120): Symfony\Component\Console\Application->doRun(Object(Symfony\Component\Console\Input\ArgvInput), Object(Symfony\Component\Console\Output\ConsoleOutput))
#19 /var/www/html/Testing_Area/solar_system/vendor/laravel/framework/src/Illuminate/Foundation/Console/Kernel.php(123): Symfony\Component\Console\Application->run(Object(Symfony\Component\Console\Input\ArgvInput), Object(Symfony\Component\Console\Output\ConsoleOutput))
#20 /var/www/html/Testing_Area/solar_system/artisan(36): Illuminate\Foundation\Console\Kernel->handle(Object(Symfony\Component\Console\Input\ArgvInput), Object(Symfony\Component\Console\Output\ConsoleOutput))
#21 {main}  
[2017-02-16 11:16:18] local.ERROR: exception 'PDOException' with message 'SQLSTATE[HY000] [1045] Access denied for user 'homestead'@'localhost' (using password: YES)' in /var/www/html/Testing_Area/solar_system/vendor/laravel/framework/src/Illuminate/Database/Connectors/Connector.php:68
Stack trace:
#0 /var/www/html/Testing_Area/solar_system/vendor/laravel/framework/src/Illuminate/Database/Connectors/Connector.php(68): PDO->__construct('mysql:host=127....', 'homestead', 'secret', Array)
#1 /var/www/html/Testing_Area/solar_system/vendor/laravel/framework/src/Illuminate/Database/Connectors/Connector.php(45): Illuminate\Database\Connectors\Connector->createPdoConnection('mysql:host=127....', 'homestead', 'secret', Array)
#2 /var/www/html/Testing_Area/solar_system/vendor/laravel/framework/src/Illuminate/Database/Connectors/MySqlConnector.php(24): Illuminate\Database\Connectors\Connector->createConnection('mysql:host=127....', Array, Array)
#3 /var/www/html/Testing_Area/solar_system/vendor/laravel/framework/src/Illuminate/Database/Connectors/ConnectionFactory.php(183): Illuminate\Database\Connectors\MySqlConnector->connect(Array)
#4 [internal function]: Illuminate\Database\Connectors\ConnectionFactory->Illuminate\Database\Connectors\{closure}()
#5 /var/www/html/Testing_Area/solar_system/vendor/laravel/framework/src/Illuminate/Database/Connection.php(882): call_user_func(Object(Closure))
#6 /var/www/html/Testing_Area/solar_system/vendor/laravel/framework/src/Illuminate/Database/Connection.php(903): Illuminate\Database\Connection->getPdo()
#7 /var/www/html/Testing_Area/solar_system/vendor/laravel/framework/src/Illuminate/Database/Connection.php(392): Illuminate\Database\Connection->getReadPdo()
#8 /var/www/html/Testing_Area/solar_system/vendor/laravel/framework/src/Illuminate/Database/Connection.php(318): Illuminate\Database\Connection->getPdoForSelect(true)
#9 /var/www/html/Testing_Area/solar_system/vendor/laravel/framework/src/Illuminate/Database/Connection.php(640): Illuminate\Database\Connection->Illuminate\Database\{closure}('select * from i...', Array)
#10 /var/www/html/Testing_Area/solar_system/vendor/laravel/framework/src/Illuminate/Database/Connection.php(607): Illuminate\Database\Connection->runQueryCallback('select * from i...', Array, Object(Closure))
#11 /var/www/html/Testing_Area/solar_system/vendor/laravel/framework/src/Illuminate/Database/Connection.php(326): Illuminate\Database\Connection->run('select * from i...', Array, Object(Closure))
#12 /var/www/html/Testing_Area/solar_system/vendor/laravel/framework/src/Illuminate/Database/Schema/MySqlBuilder.php(19): Illuminate\Database\Connection->select('select * from i...', Array)
#13 /var/www/html/Testing_Area/solar_system/vendor/laravel/framework/src/Illuminate/Database/Migrations/DatabaseMigrationRepository.php(154): Illuminate\Database\Schema\MySqlBuilder->hasTable('migrations')
#14 /var/www/html/Testing_Area/solar_system/vendor/laravel/framework/src/Illuminate/Database/Migrations/Migrator.php(530): Illuminate\Database\Migrations\DatabaseMigrationRepository->repositoryExists()
#15 /var/www/html/Testing_Area/solar_system/vendor/laravel/framework/src/Illuminate/Database/Console/Migrations/MigrateCommand.php(96): Illuminate\Database\Migrations\Migrator->repositoryExists()
#16 /var/www/html/Testing_Area/solar_system/vendor/laravel/framework/src/Illuminate/Database/Console/Migrations/MigrateCommand.php(62): Illuminate\Database\Console\Migrations\MigrateCommand->prepareDatabase()
#17 [internal function]: Illuminate\Database\Console\Migrations\MigrateCommand->fire()
#18 /var/www/html/Testing_Area/solar_system/vendor/laravel/framework/src/Illuminate/Container/BoundMethod.php(29): call_user_func_array(Array, Array)
#19 /var/www/html/Testing_Area/solar_system/vendor/laravel/framework/src/Illuminate/Support/helpers.php(912): Illuminate\Container\BoundMethod::Illuminate\Container\{closure}()
#20 /var/www/html/Testing_Area/solar_system/vendor/laravel/framework/src/Illuminate/Container/BoundMethod.php(86): value(Object(Closure))
#21 /var/www/html/Testing_Area/solar_system/vendor/laravel/framework/src/Illuminate/Container/BoundMethod.php(30): Illuminate\Container\BoundMethod::callBoundMethod(Object(Illuminate\Foundation\Application), Array, Object(Closure))
#22 /var/www/html/Testing_Area/solar_system/vendor/laravel/framework/src/Illuminate/Container/Container.php(524): Illuminate\Container\BoundMethod::call(Object(Illuminate\Foundation\Application), Array, Array, NULL)
#23 /var/www/html/Testing_Area/solar_system/vendor/laravel/framework/src/Illuminate/Console/Command.php(182): Illuminate\Container\Container->call(Array)
#24 /var/www/html/Testing_Area/solar_system/vendor/symfony/console/Command/Command.php(262): Illuminate\Console\Command->execute(Object(Symfony\Component\Console\Input\ArgvInput), Object(Illuminate\Console\OutputStyle))
#25 /var/www/html/Testing_Area/solar_system/vendor/laravel/framework/src/Illuminate/Console/Command.php(168): Symfony\Component\Console\Command\Command->run(Object(Symfony\Component\Console\Input\ArgvInput), Object(Illuminate\Console\OutputStyle))
#26 /var/www/html/Testing_Area/solar_system/vendor/symfony/console/Application.php(826): Illuminate\Console\Command->run(Object(Symfony\Component\Console\Input\ArgvInput), Object(Symfony\Component\Console\Output\ConsoleOutput))
#27 /var/www/html/Testing_Area/solar_system/vendor/symfony/console/Application.php(189): Symfony\Component\Console\Application->doRunCommand(Object(Illuminate\Database\Console\Migrations\MigrateCommand), Object(Symfony\Component\Console\Input\ArgvInput), Object(Symfony\Component\Console\Output\ConsoleOutput))
#28 /var/www/html/Testing_Area/solar_system/vendor/symfony/console/Application.php(120): Symfony\Component\Console\Application->doRun(Object(Symfony\Component\Console\Input\ArgvInput), Object(Symfony\Component\Console\Output\ConsoleOutput))
#29 /var/www/html/Testing_Area/solar_system/vendor/laravel/framework/src/Illuminate/Foundation/Console/Kernel.php(123): Symfony\Component\Console\Application->run(Object(Symfony\Component\Console\Input\ArgvInput), Object(Symfony\Component\Console\Output\ConsoleOutput))
#30 /var/www/html/Testing_Area/solar_system/artisan(36): Illuminate\Foundation\Console\Kernel->handle(Object(Symfony\Component\Console\Input\ArgvInput), Object(Symfony\Component\Console\Output\ConsoleOutput))
#31 {main}  
[2017-02-16 11:16:18] local.ERROR: exception 'PDOException' with message 'SQLSTATE[HY000] [1045] Access denied for user 'homestead'@'localhost' (using password: YES)' in /var/www/html/Testing_Area/solar_system/vendor/laravel/framework/src/Illuminate/Database/Connectors/Connector.php:68
Stack trace:
#0 /var/www/html/Testing_Area/solar_system/vendor/laravel/framework/src/Illuminate/Database/Connectors/Connector.php(68): PDO->__construct('mysql:host=127....', 'homestead', 'secret', Array)
#1 /var/www/html/Testing_Area/solar_system/vendor/laravel/framework/src/Illuminate/Database/Connectors/Connector.php(45): Illuminate\Database\Connectors\Connector->createPdoConnection('mysql:host=127....', 'homestead', 'secret', Array)
#2 /var/www/html/Testing_Area/solar_system/vendor/laravel/framework/src/Illuminate/Database/Connectors/MySqlConnector.php(24): Illuminate\Database\Connectors\Connector->createConnection('mysql:host=127....', Array, Array)
#3 /var/www/html/Testing_Area/solar_system/vendor/laravel/framework/src/Illuminate/Database/Connectors/ConnectionFactory.php(183): Illuminate\Database\Connectors\MySqlConnector->connect(Array)
#4 [internal function]: Illuminate\Database\Connectors\ConnectionFactory->Illuminate\Database\Connectors\{closure}()
#5 /var/www/html/Testing_Area/solar_system/vendor/laravel/framework/src/Illuminate/Database/Connection.php(882): call_user_func(Object(Closure))
#6 /var/www/html/Testing_Area/solar_system/vendor/laravel/framework/src/Illuminate/Database/Connection.php(903): Illuminate\Database\Connection->getPdo()
#7 /var/www/html/Testing_Area/solar_system/vendor/laravel/framework/src/Illuminate/Database/Connection.php(392): Illuminate\Database\Connection->getReadPdo()
#8 /var/www/html/Testing_Area/solar_system/vendor/laravel/framework/src/Illuminate/Database/Connection.php(318): Illuminate\Database\Connection->getPdoForSelect(true)
#9 /var/www/html/Testing_Area/solar_system/vendor/laravel/framework/src/Illuminate/Database/Connection.php(640): Illuminate\Database\Connection->Illuminate\Database\{closure}('select * from i...', Array)
#10 /var/www/html/Testing_Area/solar_system/vendor/laravel/framework/src/Illuminate/Database/Connection.php(607): Illuminate\Database\Connection->runQueryCallback('select * from i...', Array, Object(Closure))
#11 /var/www/html/Testing_Area/solar_system/vendor/laravel/framework/src/Illuminate/Database/Connection.php(326): Illuminate\Database\Connection->run('select * from i...', Array, Object(Closure))
#12 /var/www/html/Testing_Area/solar_system/vendor/laravel/framework/src/Illuminate/Database/Schema/MySqlBuilder.php(19): Illuminate\Database\Connection->select('select * from i...', Array)
#13 /var/www/html/Testing_Area/solar_system/vendor/laravel/framework/src/Illuminate/Database/Migrations/DatabaseMigrationRepository.php(154): Illuminate\Database\Schema\MySqlBuilder->hasTable('migrations')
#14 /var/www/html/Testing_Area/solar_system/vendor/laravel/framework/src/Illuminate/Database/Migrations/Migrator.php(530): Illuminate\Database\Migrations\DatabaseMigrationRepository->repositoryExists()
#15 /var/www/html/Testing_Area/solar_system/vendor/laravel/framework/src/Illuminate/Database/Console/Migrations/MigrateCommand.php(96): Illuminate\Database\Migrations\Migrator->repositoryExists()
#16 /var/www/html/Testing_Area/solar_system/vendor/laravel/framework/src/Illuminate/Database/Console/Migrations/MigrateCommand.php(62): Illuminate\Database\Console\Migrations\MigrateCommand->prepareDatabase()
#17 [internal function]: Illuminate\Database\Console\Migrations\MigrateCommand->fire()
#18 /var/www/html/Testing_Area/solar_system/vendor/laravel/framework/src/Illuminate/Container/BoundMethod.php(29): call_user_func_array(Array, Array)
#19 /var/www/html/Testing_Area/solar_system/vendor/laravel/framework/src/Illuminate/Support/helpers.php(912): Illuminate\Container\BoundMethod::Illuminate\Container\{closure}()
#20 /var/www/html/Testing_Area/solar_system/vendor/laravel/framework/src/Illuminate/Container/BoundMethod.php(86): value(Object(Closure))
#21 /var/www/html/Testing_Area/solar_system/vendor/laravel/framework/src/Illuminate/Container/BoundMethod.php(30): Illuminate\Container\BoundMethod::callBoundMethod(Object(Illuminate\Foundation\Application), Array, Object(Closure))
#22 /var/www/html/Testing_Area/solar_system/vendor/laravel/framework/src/Illuminate/Container/Container.php(524): Illuminate\Container\BoundMethod::call(Object(Illuminate\Foundation\Application), Array, Array, NULL)
#23 /var/www/html/Testing_Area/solar_system/vendor/laravel/framework/src/Illuminate/Console/Command.php(182): Illuminate\Container\Container->call(Array)
#24 /var/www/html/Testing_Area/solar_system/vendor/symfony/console/Command/Command.php(262): Illuminate\Console\Command->execute(Object(Symfony\Component\Console\Input\ArgvInput), Object(Illuminate\Console\OutputStyle))
#25 /var/www/html/Testing_Area/solar_system/vendor/laravel/framework/src/Illuminate/Console/Command.php(168): Symfony\Component\Console\Command\Command->run(Object(Symfony\Component\Console\Input\ArgvInput), Object(Illuminate\Console\OutputStyle))
#26 /var/www/html/Testing_Area/solar_system/vendor/symfony/console/Application.php(826): Illuminate\Console\Command->run(Object(Symfony\Component\Console\Input\ArgvInput), Object(Symfony\Component\Console\Output\ConsoleOutput))
#27 /var/www/html/Testing_Area/solar_system/vendor/symfony/console/Application.php(189): Symfony\Component\Console\Application->doRunCommand(Object(Illuminate\Database\Console\Migrations\MigrateCommand), Object(Symfony\Component\Console\Input\ArgvInput), Object(Symfony\Component\Console\Output\ConsoleOutput))
#28 /var/www/html/Testing_Area/solar_system/vendor/symfony/console/Application.php(120): Symfony\Component\Console\Application->doRun(Object(Symfony\Component\Console\Input\ArgvInput), Object(Symfony\Component\Console\Output\ConsoleOutput))
#29 /var/www/html/Testing_Area/solar_system/vendor/laravel/framework/src/Illuminate/Foundation/Console/Kernel.php(123): Symfony\Component\Console\Application->run(Object(Symfony\Component\Console\Input\ArgvInput), Object(Symfony\Component\Console\Output\ConsoleOutput))
#30 /var/www/html/Testing_Area/solar_system/artisan(36): Illuminate\Foundation\Console\Kernel->handle(Object(Symfony\Component\Console\Input\ArgvInput), Object(Symfony\Component\Console\Output\ConsoleOutput))
#31 {main}

Next exception 'Illuminate\Database\QueryException' with message 'SQLSTATE[HY000] [1045] Access denied for user 'homestead'@'localhost' (using password: YES) (SQL: select * from information_schema.tables where table_schema = homestead and table_name = migrations)' in /var/www/html/Testing_Area/solar_system/vendor/laravel/framework/src/Illuminate/Database/Connection.php:647
Stack trace:
#0 /var/www/html/Testing_Area/solar_system/vendor/laravel/framework/src/Illuminate/Database/Connection.php(607): Illuminate\Database\Connection->runQueryCallback('select * from i...', Array, Object(Closure))
#1 /var/www/html/Testing_Area/solar_system/vendor/laravel/framework/src/Illuminate/Database/Connection.php(326): Illuminate\Database\Connection->run('select * from i...', Array, Object(Closure))
#2 /var/www/html/Testing_Area/solar_system/vendor/laravel/framework/src/Illuminate/Database/Schema/MySqlBuilder.php(19): Illuminate\Database\Connection->select('select * from i...', Array)
#3 /var/www/html/Testing_Area/solar_system/vendor/laravel/framework/src/Illuminate/Database/Migrations/DatabaseMigrationRepository.php(154): Illuminate\Database\Schema\MySqlBuilder->hasTable('migrations')
#4 /var/www/html/Testing_Area/solar_system/vendor/laravel/framework/src/Illuminate/Database/Migrations/Migrator.php(530): Illuminate\Database\Migrations\DatabaseMigrationRepository->repositoryExists()
#5 /var/www/html/Testing_Area/solar_system/vendor/laravel/framework/src/Illuminate/Database/Console/Migrations/MigrateCommand.php(96): Illuminate\Database\Migrations\Migrator->repositoryExists()
#6 /var/www/html/Testing_Area/solar_system/vendor/laravel/framework/src/Illuminate/Database/Console/Migrations/MigrateCommand.php(62): Illuminate\Database\Console\Migrations\MigrateCommand->prepareDatabase()
#7 [internal function]: Illuminate\Database\Console\Migrations\MigrateCommand->fire()
#8 /var/www/html/Testing_Area/solar_system/vendor/laravel/framework/src/Illuminate/Container/BoundMethod.php(29): call_user_func_array(Array, Array)
#9 /var/www/html/Testing_Area/solar_system/vendor/laravel/framework/src/Illuminate/Support/helpers.php(912): Illuminate\Container\BoundMethod::Illuminate\Container\{closure}()
#10 /var/www/html/Testing_Area/solar_system/vendor/laravel/framework/src/Illuminate/Container/BoundMethod.php(86): value(Object(Closure))
#11 /var/www/html/Testing_Area/solar_system/vendor/laravel/framework/src/Illuminate/Container/BoundMethod.php(30): Illuminate\Container\BoundMethod::callBoundMethod(Object(Illuminate\Foundation\Application), Array, Object(Closure))
#12 /var/www/html/Testing_Area/solar_system/vendor/laravel/framework/src/Illuminate/Container/Container.php(524): Illuminate\Container\BoundMethod::call(Object(Illuminate\Foundation\Application), Array, Array, NULL)
#13 /var/www/html/Testing_Area/solar_system/vendor/laravel/framework/src/Illuminate/Console/Command.php(182): Illuminate\Container\Container->call(Array)
#14 /var/www/html/Testing_Area/solar_system/vendor/symfony/console/Command/Command.php(262): Illuminate\Console\Command->execute(Object(Symfony\Component\Console\Input\ArgvInput), Object(Illuminate\Console\OutputStyle))
#15 /var/www/html/Testing_Area/solar_system/vendor/laravel/framework/src/Illuminate/Console/Command.php(168): Symfony\Component\Console\Command\Command->run(Object(Symfony\Component\Console\Input\ArgvInput), Object(Illuminate\Console\OutputStyle))
#16 /var/www/html/Testing_Area/solar_system/vendor/symfony/console/Application.php(826): Illuminate\Console\Command->run(Object(Symfony\Component\Console\Input\ArgvInput), Object(Symfony\Component\Console\Output\ConsoleOutput))
#17 /var/www/html/Testing_Area/solar_system/vendor/symfony/console/Application.php(189): Symfony\Component\Console\Application->doRunCommand(Object(Illuminate\Database\Console\Migrations\MigrateCommand), Object(Symfony\Component\Console\Input\ArgvInput), Object(Symfony\Component\Console\Output\ConsoleOutput))
#18 /var/www/html/Testing_Area/solar_system/vendor/symfony/console/Application.php(120): Symfony\Component\Console\Application->doRun(Object(Symfony\Component\Console\Input\ArgvInput), Object(Symfony\Component\Console\Output\ConsoleOutput))
#19 /var/www/html/Testing_Area/solar_system/vendor/laravel/framework/src/Illuminate/Foundation/Console/Kernel.php(123): Symfony\Component\Console\Application->run(Object(Symfony\Component\Console\Input\ArgvInput), Object(Symfony\Component\Console\Output\ConsoleOutput))
#20 /var/www/html/Testing_Area/solar_system/artisan(36): Illuminate\Foundation\Console\Kernel->handle(Object(Symfony\Component\Console\Input\ArgvInput), Object(Symfony\Component\Console\Output\ConsoleOutput))
#21 {main}  
[2017-02-16 11:17:17] local.ERROR: exception 'PDOException' with message 'SQLSTATE[42000]: Syntax error or access violation: 1071 Specified key was too long; max key length is 767 bytes' in /var/www/html/Testing_Area/solar_system/vendor/laravel/framework/src/Illuminate/Database/Connection.php:449
Stack trace:
#0 /var/www/html/Testing_Area/solar_system/vendor/laravel/framework/src/Illuminate/Database/Connection.php(449): PDOStatement->execute()
#1 /var/www/html/Testing_Area/solar_system/vendor/laravel/framework/src/Illuminate/Database/Connection.php(640): Illuminate\Database\Connection->Illuminate\Database\{closure}('alter table `us...', Array)
#2 /var/www/html/Testing_Area/solar_system/vendor/laravel/framework/src/Illuminate/Database/Connection.php(607): Illuminate\Database\Connection->runQueryCallback('alter table `us...', Array, Object(Closure))
#3 /var/www/html/Testing_Area/solar_system/vendor/laravel/framework/src/Illuminate/Database/Connection.php(450): Illuminate\Database\Connection->run('alter table `us...', Array, Object(Closure))
#4 /var/www/html/Testing_Area/solar_system/vendor/laravel/framework/src/Illuminate/Database/Schema/Blueprint.php(83): Illuminate\Database\Connection->statement('alter table `us...')
#5 /var/www/html/Testing_Area/solar_system/vendor/laravel/framework/src/Illuminate/Database/Schema/Builder.php(239): Illuminate\Database\Schema\Blueprint->build(Object(Illuminate\Database\MySqlConnection), Object(Illuminate\Database\Schema\Grammars\MySqlGrammar))
#6 /var/www/html/Testing_Area/solar_system/vendor/laravel/framework/src/Illuminate/Database/Schema/Builder.php(164): Illuminate\Database\Schema\Builder->build(Object(Illuminate\Database\Schema\Blueprint))
#7 /var/www/html/Testing_Area/solar_system/vendor/laravel/framework/src/Illuminate/Support/Facades/Facade.php(221): Illuminate\Database\Schema\Builder->create('users', Object(Closure))
#8 /var/www/html/Testing_Area/solar_system/database/migrations/2014_10_12_000000_create_users_table.php(23): Illuminate\Support\Facades\Facade::__callStatic('create', Array)
#9 /var/www/html/Testing_Area/solar_system/database/migrations/2014_10_12_000000_create_users_table.php(23): Illuminate\Support\Facades\Schema::create('users', Object(Closure))
#10 /var/www/html/Testing_Area/solar_system/vendor/laravel/framework/src/Illuminate/Database/Migrations/Migrator.php(348): CreateUsersTable->up()
#11 /var/www/html/Testing_Area/solar_system/vendor/laravel/framework/src/Illuminate/Database/Migrations/Migrator.php(353): Illuminate\Database\Migrations\Migrator->Illuminate\Database\Migrations\{closure}()
#12 /var/www/html/Testing_Area/solar_system/vendor/laravel/framework/src/Illuminate/Database/Migrations/Migrator.php(175): Illuminate\Database\Migrations\Migrator->runMigration(Object(CreateUsersTable), 'up')
#13 /var/www/html/Testing_Area/solar_system/vendor/laravel/framework/src/Illuminate/Database/Migrations/Migrator.php(146): Illuminate\Database\Migrations\Migrator->runUp('/var/www/html/T...', 1, false)
#14 /var/www/html/Testing_Area/solar_system/vendor/laravel/framework/src/Illuminate/Database/Migrations/Migrator.php(95): Illuminate\Database\Migrations\Migrator->runPending(Array, Array)
#15 /var/www/html/Testing_Area/solar_system/vendor/laravel/framework/src/Illuminate/Database/Console/Migrations/MigrateCommand.php(70): Illuminate\Database\Migrations\Migrator->run(Array, Array)
#16 [internal function]: Illuminate\Database\Console\Migrations\MigrateCommand->fire()
#17 /var/www/html/Testing_Area/solar_system/vendor/laravel/framework/src/Illuminate/Container/BoundMethod.php(29): call_user_func_array(Array, Array)
#18 /var/www/html/Testing_Area/solar_system/vendor/laravel/framework/src/Illuminate/Support/helpers.php(912): Illuminate\Container\BoundMethod::Illuminate\Container\{closure}()
#19 /var/www/html/Testing_Area/solar_system/vendor/laravel/framework/src/Illuminate/Container/BoundMethod.php(86): value(Object(Closure))
#20 /var/www/html/Testing_Area/solar_system/vendor/laravel/framework/src/Illuminate/Container/BoundMethod.php(30): Illuminate\Container\BoundMethod::callBoundMethod(Object(Illuminate\Foundation\Application), Array, Object(Closure))
#21 /var/www/html/Testing_Area/solar_system/vendor/laravel/framework/src/Illuminate/Container/Container.php(524): Illuminate\Container\BoundMethod::call(Object(Illuminate\Foundation\Application), Array, Array, NULL)
#22 /var/www/html/Testing_Area/solar_system/vendor/laravel/framework/src/Illuminate/Console/Command.php(182): Illuminate\Container\Container->call(Array)
#23 /var/www/html/Testing_Area/solar_system/vendor/symfony/console/Command/Command.php(262): Illuminate\Console\Command->execute(Object(Symfony\Component\Console\Input\ArgvInput), Object(Illuminate\Console\OutputStyle))
#24 /var/www/html/Testing_Area/solar_system/vendor/laravel/framework/src/Illuminate/Console/Command.php(168): Symfony\Component\Console\Command\Command->run(Object(Symfony\Component\Console\Input\ArgvInput), Object(Illuminate\Console\OutputStyle))
#25 /var/www/html/Testing_Area/solar_system/vendor/symfony/console/Application.php(826): Illuminate\Console\Command->run(Object(Symfony\Component\Console\Input\ArgvInput), Object(Symfony\Component\Console\Output\ConsoleOutput))
#26 /var/www/html/Testing_Area/solar_system/vendor/symfony/console/Application.php(189): Symfony\Component\Console\Application->doRunCommand(Object(Illuminate\Database\Console\Migrations\MigrateCommand), Object(Symfony\Component\Console\Input\ArgvInput), Object(Symfony\Component\Console\Output\ConsoleOutput))
#27 /var/www/html/Testing_Area/solar_system/vendor/symfony/console/Application.php(120): Symfony\Component\Console\Application->doRun(Object(Symfony\Component\Console\Input\ArgvInput), Object(Symfony\Component\Console\Output\ConsoleOutput))
#28 /var/www/html/Testing_Area/solar_system/vendor/laravel/framework/src/Illuminate/Foundation/Console/Kernel.php(123): Symfony\Component\Console\Application->run(Object(Symfony\Component\Console\Input\ArgvInput), Object(Symfony\Component\Console\Output\ConsoleOutput))
#29 /var/www/html/Testing_Area/solar_system/artisan(36): Illuminate\Foundation\Console\Kernel->handle(Object(Symfony\Component\Console\Input\ArgvInput), Object(Symfony\Component\Console\Output\ConsoleOutput))
#30 {main}

Next exception 'Illuminate\Database\QueryException' with message 'SQLSTATE[42000]: Syntax error or access violation: 1071 Specified key was too long; max key length is 767 bytes (SQL: alter table `users` add unique `users_email_unique`(`email`))' in /var/www/html/Testing_Area/solar_system/vendor/laravel/framework/src/Illuminate/Database/Connection.php:647
Stack trace:
#0 /var/www/html/Testing_Area/solar_system/vendor/laravel/framework/src/Illuminate/Database/Connection.php(607): Illuminate\Database\Connection->runQueryCallback('alter table `us...', Array, Object(Closure))
#1 /var/www/html/Testing_Area/solar_system/vendor/laravel/framework/src/Illuminate/Database/Connection.php(450): Illuminate\Database\Connection->run('alter table `us...', Array, Object(Closure))
#2 /var/www/html/Testing_Area/solar_system/vendor/laravel/framework/src/Illuminate/Database/Schema/Blueprint.php(83): Illuminate\Database\Connection->statement('alter table `us...')
#3 /var/www/html/Testing_Area/solar_system/vendor/laravel/framework/src/Illuminate/Database/Schema/Builder.php(239): Illuminate\Database\Schema\Blueprint->build(Object(Illuminate\Database\MySqlConnection), Object(Illuminate\Database\Schema\Grammars\MySqlGrammar))
#4 /var/www/html/Testing_Area/solar_system/vendor/laravel/framework/src/Illuminate/Database/Schema/Builder.php(164): Illuminate\Database\Schema\Builder->build(Object(Illuminate\Database\Schema\Blueprint))
#5 /var/www/html/Testing_Area/solar_system/vendor/laravel/framework/src/Illuminate/Support/Facades/Facade.php(221): Illuminate\Database\Schema\Builder->create('users', Object(Closure))
#6 /var/www/html/Testing_Area/solar_system/database/migrations/2014_10_12_000000_create_users_table.php(23): Illuminate\Support\Facades\Facade::__callStatic('create', Array)
#7 /var/www/html/Testing_Area/solar_system/database/migrations/2014_10_12_000000_create_users_table.php(23): Illuminate\Support\Facades\Schema::create('users', Object(Closure))
#8 /var/www/html/Testing_Area/solar_system/vendor/laravel/framework/src/Illuminate/Database/Migrations/Migrator.php(348): CreateUsersTable->up()
#9 /var/www/html/Testing_Area/solar_system/vendor/laravel/framework/src/Illuminate/Database/Migrations/Migrator.php(353): Illuminate\Database\Migrations\Migrator->Illuminate\Database\Migrations\{closure}()
#10 /var/www/html/Testing_Area/solar_system/vendor/laravel/framework/src/Illuminate/Database/Migrations/Migrator.php(175): Illuminate\Database\Migrations\Migrator->runMigration(Object(CreateUsersTable), 'up')
#11 /var/www/html/Testing_Area/solar_system/vendor/laravel/framework/src/Illuminate/Database/Migrations/Migrator.php(146): Illuminate\Database\Migrations\Migrator->runUp('/var/www/html/T...', 1, false)
#12 /var/www/html/Testing_Area/solar_system/vendor/laravel/framework/src/Illuminate/Database/Migrations/Migrator.php(95): Illuminate\Database\Migrations\Migrator->runPending(Array, Array)
#13 /var/www/html/Testing_Area/solar_system/vendor/laravel/framework/src/Illuminate/Database/Console/Migrations/MigrateCommand.php(70): Illuminate\Database\Migrations\Migrator->run(Array, Array)
#14 [internal function]: Illuminate\Database\Console\Migrations\MigrateCommand->fire()
#15 /var/www/html/Testing_Area/solar_system/vendor/laravel/framework/src/Illuminate/Container/BoundMethod.php(29): call_user_func_array(Array, Array)
#16 /var/www/html/Testing_Area/solar_system/vendor/laravel/framework/src/Illuminate/Support/helpers.php(912): Illuminate\Container\BoundMethod::Illuminate\Container\{closure}()
#17 /var/www/html/Testing_Area/solar_system/vendor/laravel/framework/src/Illuminate/Container/BoundMethod.php(86): value(Object(Closure))
#18 /var/www/html/Testing_Area/solar_system/vendor/laravel/framework/src/Illuminate/Container/BoundMethod.php(30): Illuminate\Container\BoundMethod::callBoundMethod(Object(Illuminate\Foundation\Application), Array, Object(Closure))
#19 /var/www/html/Testing_Area/solar_system/vendor/laravel/framework/src/Illuminate/Container/Container.php(524): Illuminate\Container\BoundMethod::call(Object(Illuminate\Foundation\Application), Array, Array, NULL)
#20 /var/www/html/Testing_Area/solar_system/vendor/laravel/framework/src/Illuminate/Console/Command.php(182): Illuminate\Container\Container->call(Array)
#21 /var/www/html/Testing_Area/solar_system/vendor/symfony/console/Command/Command.php(262): Illuminate\Console\Command->execute(Object(Symfony\Component\Console\Input\ArgvInput), Object(Illuminate\Console\OutputStyle))
#22 /var/www/html/Testing_Area/solar_system/vendor/laravel/framework/src/Illuminate/Console/Command.php(168): Symfony\Component\Console\Command\Command->run(Object(Symfony\Component\Console\Input\ArgvInput), Object(Illuminate\Console\OutputStyle))
#23 /var/www/html/Testing_Area/solar_system/vendor/symfony/console/Application.php(826): Illuminate\Console\Command->run(Object(Symfony\Component\Console\Input\ArgvInput), Object(Symfony\Component\Console\Output\ConsoleOutput))
#24 /var/www/html/Testing_Area/solar_system/vendor/symfony/console/Application.php(189): Symfony\Component\Console\Application->doRunCommand(Object(Illuminate\Database\Console\Migrations\MigrateCommand), Object(Symfony\Component\Console\Input\ArgvInput), Object(Symfony\Component\Console\Output\ConsoleOutput))
#25 /var/www/html/Testing_Area/solar_system/vendor/symfony/console/Application.php(120): Symfony\Component\Console\Application->doRun(Object(Symfony\Component\Console\Input\ArgvInput), Object(Symfony\Component\Console\Output\ConsoleOutput))
#26 /var/www/html/Testing_Area/solar_system/vendor/laravel/framework/src/Illuminate/Foundation/Console/Kernel.php(123): Symfony\Component\Console\Application->run(Object(Symfony\Component\Console\Input\ArgvInput), Object(Symfony\Component\Console\Output\ConsoleOutput))
#27 /var/www/html/Testing_Area/solar_system/artisan(36): Illuminate\Foundation\Console\Kernel->handle(Object(Symfony\Component\Console\Input\ArgvInput), Object(Symfony\Component\Console\Output\ConsoleOutput))
#28 {main}  
[2017-02-16 11:19:16] local.ERROR: exception 'PDOException' with message 'SQLSTATE[42000]: Syntax error or access violation: 1071 Specified key was too long; max key length is 767 bytes' in /var/www/html/Testing_Area/solar_system/vendor/laravel/framework/src/Illuminate/Database/Connection.php:449
Stack trace:
#0 /var/www/html/Testing_Area/solar_system/vendor/laravel/framework/src/Illuminate/Database/Connection.php(449): PDOStatement->execute()
#1 /var/www/html/Testing_Area/solar_system/vendor/laravel/framework/src/Illuminate/Database/Connection.php(640): Illuminate\Database\Connection->Illuminate\Database\{closure}('alter table `us...', Array)
#2 /var/www/html/Testing_Area/solar_system/vendor/laravel/framework/src/Illuminate/Database/Connection.php(607): Illuminate\Database\Connection->runQueryCallback('alter table `us...', Array, Object(Closure))
#3 /var/www/html/Testing_Area/solar_system/vendor/laravel/framework/src/Illuminate/Database/Connection.php(450): Illuminate\Database\Connection->run('alter table `us...', Array, Object(Closure))
#4 /var/www/html/Testing_Area/solar_system/vendor/laravel/framework/src/Illuminate/Database/Schema/Blueprint.php(83): Illuminate\Database\Connection->statement('alter table `us...')
#5 /var/www/html/Testing_Area/solar_system/vendor/laravel/framework/src/Illuminate/Database/Schema/Builder.php(239): Illuminate\Database\Schema\Blueprint->build(Object(Illuminate\Database\MySqlConnection), Object(Illuminate\Database\Schema\Grammars\MySqlGrammar))
#6 /var/www/html/Testing_Area/solar_system/vendor/laravel/framework/src/Illuminate/Database/Schema/Builder.php(164): Illuminate\Database\Schema\Builder->build(Object(Illuminate\Database\Schema\Blueprint))
#7 /var/www/html/Testing_Area/solar_system/vendor/laravel/framework/src/Illuminate/Support/Facades/Facade.php(221): Illuminate\Database\Schema\Builder->create('users', Object(Closure))
#8 /var/www/html/Testing_Area/solar_system/database/migrations/2014_10_12_000000_create_users_table.php(23): Illuminate\Support\Facades\Facade::__callStatic('create', Array)
#9 /var/www/html/Testing_Area/solar_system/database/migrations/2014_10_12_000000_create_users_table.php(23): Illuminate\Support\Facades\Schema::create('users', Object(Closure))
#10 /var/www/html/Testing_Area/solar_system/vendor/laravel/framework/src/Illuminate/Database/Migrations/Migrator.php(348): CreateUsersTable->up()
#11 /var/www/html/Testing_Area/solar_system/vendor/laravel/framework/src/Illuminate/Database/Migrations/Migrator.php(353): Illuminate\Database\Migrations\Migrator->Illuminate\Database\Migrations\{closure}()
#12 /var/www/html/Testing_Area/solar_system/vendor/laravel/framework/src/Illuminate/Database/Migrations/Migrator.php(175): Illuminate\Database\Migrations\Migrator->runMigration(Object(CreateUsersTable), 'up')
#13 /var/www/html/Testing_Area/solar_system/vendor/laravel/framework/src/Illuminate/Database/Migrations/Migrator.php(146): Illuminate\Database\Migrations\Migrator->runUp('/var/www/html/T...', 1, false)
#14 /var/www/html/Testing_Area/solar_system/vendor/laravel/framework/src/Illuminate/Database/Migrations/Migrator.php(95): Illuminate\Database\Migrations\Migrator->runPending(Array, Array)
#15 /var/www/html/Testing_Area/solar_system/vendor/laravel/framework/src/Illuminate/Database/Console/Migrations/MigrateCommand.php(70): Illuminate\Database\Migrations\Migrator->run(Array, Array)
#16 [internal function]: Illuminate\Database\Console\Migrations\MigrateCommand->fire()
#17 /var/www/html/Testing_Area/solar_system/vendor/laravel/framework/src/Illuminate/Container/BoundMethod.php(29): call_user_func_array(Array, Array)
#18 /var/www/html/Testing_Area/solar_system/vendor/laravel/framework/src/Illuminate/Support/helpers.php(912): Illuminate\Container\BoundMethod::Illuminate\Container\{closure}()
#19 /var/www/html/Testing_Area/solar_system/vendor/laravel/framework/src/Illuminate/Container/BoundMethod.php(86): value(Object(Closure))
#20 /var/www/html/Testing_Area/solar_system/vendor/laravel/framework/src/Illuminate/Container/BoundMethod.php(30): Illuminate\Container\BoundMethod::callBoundMethod(Object(Illuminate\Foundation\Application), Array, Object(Closure))
#21 /var/www/html/Testing_Area/solar_system/vendor/laravel/framework/src/Illuminate/Container/Container.php(524): Illuminate\Container\BoundMethod::call(Object(Illuminate\Foundation\Application), Array, Array, NULL)
#22 /var/www/html/Testing_Area/solar_system/vendor/laravel/framework/src/Illuminate/Console/Command.php(182): Illuminate\Container\Container->call(Array)
#23 /var/www/html/Testing_Area/solar_system/vendor/symfony/console/Command/Command.php(262): Illuminate\Console\Command->execute(Object(Symfony\Component\Console\Input\ArgvInput), Object(Illuminate\Console\OutputStyle))
#24 /var/www/html/Testing_Area/solar_system/vendor/laravel/framework/src/Illuminate/Console/Command.php(168): Symfony\Component\Console\Command\Command->run(Object(Symfony\Component\Console\Input\ArgvInput), Object(Illuminate\Console\OutputStyle))
#25 /var/www/html/Testing_Area/solar_system/vendor/symfony/console/Application.php(826): Illuminate\Console\Command->run(Object(Symfony\Component\Console\Input\ArgvInput), Object(Symfony\Component\Console\Output\ConsoleOutput))
#26 /var/www/html/Testing_Area/solar_system/vendor/symfony/console/Application.php(189): Symfony\Component\Console\Application->doRunCommand(Object(Illuminate\Database\Console\Migrations\MigrateCommand), Object(Symfony\Component\Console\Input\ArgvInput), Object(Symfony\Component\Console\Output\ConsoleOutput))
#27 /var/www/html/Testing_Area/solar_system/vendor/symfony/console/Application.php(120): Symfony\Component\Console\Application->doRun(Object(Symfony\Component\Console\Input\ArgvInput), Object(Symfony\Component\Console\Output\ConsoleOutput))
#28 /var/www/html/Testing_Area/solar_system/vendor/laravel/framework/src/Illuminate/Foundation/Console/Kernel.php(123): Symfony\Component\Console\Application->run(Object(Symfony\Component\Console\Input\ArgvInput), Object(Symfony\Component\Console\Output\ConsoleOutput))
#29 /var/www/html/Testing_Area/solar_system/artisan(36): Illuminate\Foundation\Console\Kernel->handle(Object(Symfony\Component\Console\Input\ArgvInput), Object(Symfony\Component\Console\Output\ConsoleOutput))
#30 {main}

Next exception 'Illuminate\Database\QueryException' with message 'SQLSTATE[42000]: Syntax error or access violation: 1071 Specified key was too long; max key length is 767 bytes (SQL: alter table `users` add unique `users_email_unique`(`email`))' in /var/www/html/Testing_Area/solar_system/vendor/laravel/framework/src/Illuminate/Database/Connection.php:647
Stack trace:
#0 /var/www/html/Testing_Area/solar_system/vendor/laravel/framework/src/Illuminate/Database/Connection.php(607): Illuminate\Database\Connection->runQueryCallback('alter table `us...', Array, Object(Closure))
#1 /var/www/html/Testing_Area/solar_system/vendor/laravel/framework/src/Illuminate/Database/Connection.php(450): Illuminate\Database\Connection->run('alter table `us...', Array, Object(Closure))
#2 /var/www/html/Testing_Area/solar_system/vendor/laravel/framework/src/Illuminate/Database/Schema/Blueprint.php(83): Illuminate\Database\Connection->statement('alter table `us...')
#3 /var/www/html/Testing_Area/solar_system/vendor/laravel/framework/src/Illuminate/Database/Schema/Builder.php(239): Illuminate\Database\Schema\Blueprint->build(Object(Illuminate\Database\MySqlConnection), Object(Illuminate\Database\Schema\Grammars\MySqlGrammar))
#4 /var/www/html/Testing_Area/solar_system/vendor/laravel/framework/src/Illuminate/Database/Schema/Builder.php(164): Illuminate\Database\Schema\Builder->build(Object(Illuminate\Database\Schema\Blueprint))
#5 /var/www/html/Testing_Area/solar_system/vendor/laravel/framework/src/Illuminate/Support/Facades/Facade.php(221): Illuminate\Database\Schema\Builder->create('users', Object(Closure))
#6 /var/www/html/Testing_Area/solar_system/database/migrations/2014_10_12_000000_create_users_table.php(23): Illuminate\Support\Facades\Facade::__callStatic('create', Array)
#7 /var/www/html/Testing_Area/solar_system/database/migrations/2014_10_12_000000_create_users_table.php(23): Illuminate\Support\Facades\Schema::create('users', Object(Closure))
#8 /var/www/html/Testing_Area/solar_system/vendor/laravel/framework/src/Illuminate/Database/Migrations/Migrator.php(348): CreateUsersTable->up()
#9 /var/www/html/Testing_Area/solar_system/vendor/laravel/framework/src/Illuminate/Database/Migrations/Migrator.php(353): Illuminate\Database\Migrations\Migrator->Illuminate\Database\Migrations\{closure}()
#10 /var/www/html/Testing_Area/solar_system/vendor/laravel/framework/src/Illuminate/Database/Migrations/Migrator.php(175): Illuminate\Database\Migrations\Migrator->runMigration(Object(CreateUsersTable), 'up')
#11 /var/www/html/Testing_Area/solar_system/vendor/laravel/framework/src/Illuminate/Database/Migrations/Migrator.php(146): Illuminate\Database\Migrations\Migrator->runUp('/var/www/html/T...', 1, false)
#12 /var/www/html/Testing_Area/solar_system/vendor/laravel/framework/src/Illuminate/Database/Migrations/Migrator.php(95): Illuminate\Database\Migrations\Migrator->runPending(Array, Array)
#13 /var/www/html/Testing_Area/solar_system/vendor/laravel/framework/src/Illuminate/Database/Console/Migrations/MigrateCommand.php(70): Illuminate\Database\Migrations\Migrator->run(Array, Array)
#14 [internal function]: Illuminate\Database\Console\Migrations\MigrateCommand->fire()
#15 /var/www/html/Testing_Area/solar_system/vendor/laravel/framework/src/Illuminate/Container/BoundMethod.php(29): call_user_func_array(Array, Array)
#16 /var/www/html/Testing_Area/solar_system/vendor/laravel/framework/src/Illuminate/Support/helpers.php(912): Illuminate\Container\BoundMethod::Illuminate\Container\{closure}()
#17 /var/www/html/Testing_Area/solar_system/vendor/laravel/framework/src/Illuminate/Container/BoundMethod.php(86): value(Object(Closure))
#18 /var/www/html/Testing_Area/solar_system/vendor/laravel/framework/src/Illuminate/Container/BoundMethod.php(30): Illuminate\Container\BoundMethod::callBoundMethod(Object(Illuminate\Foundation\Application), Array, Object(Closure))
#19 /var/www/html/Testing_Area/solar_system/vendor/laravel/framework/src/Illuminate/Container/Container.php(524): Illuminate\Container\BoundMethod::call(Object(Illuminate\Foundation\Application), Array, Array, NULL)
#20 /var/www/html/Testing_Area/solar_system/vendor/laravel/framework/src/Illuminate/Console/Command.php(182): Illuminate\Container\Container->call(Array)
#21 /var/www/html/Testing_Area/solar_system/vendor/symfony/console/Command/Command.php(262): Illuminate\Console\Command->execute(Object(Symfony\Component\Console\Input\ArgvInput), Object(Illuminate\Console\OutputStyle))
#22 /var/www/html/Testing_Area/solar_system/vendor/laravel/framework/src/Illuminate/Console/Command.php(168): Symfony\Component\Console\Command\Command->run(Object(Symfony\Component\Console\Input\ArgvInput), Object(Illuminate\Console\OutputStyle))
#23 /var/www/html/Testing_Area/solar_system/vendor/symfony/console/Application.php(826): Illuminate\Console\Command->run(Object(Symfony\Component\Console\Input\ArgvInput), Object(Symfony\Component\Console\Output\ConsoleOutput))
#24 /var/www/html/Testing_Area/solar_system/vendor/symfony/console/Application.php(189): Symfony\Component\Console\Application->doRunCommand(Object(Illuminate\Database\Console\Migrations\MigrateCommand), Object(Symfony\Component\Console\Input\ArgvInput), Object(Symfony\Component\Console\Output\ConsoleOutput))
#25 /var/www/html/Testing_Area/solar_system/vendor/symfony/console/Application.php(120): Symfony\Component\Console\Application->doRun(Object(Symfony\Component\Console\Input\ArgvInput), Object(Symfony\Component\Console\Output\ConsoleOutput))
#26 /var/www/html/Testing_Area/solar_system/vendor/laravel/framework/src/Illuminate/Foundation/Console/Kernel.php(123): Symfony\Component\Console\Application->run(Object(Symfony\Component\Console\Input\ArgvInput), Object(Symfony\Component\Console\Output\ConsoleOutput))
#27 /var/www/html/Testing_Area/solar_system/artisan(36): Illuminate\Foundation\Console\Kernel->handle(Object(Symfony\Component\Console\Input\ArgvInput), Object(Symfony\Component\Console\Output\ConsoleOutput))
#28 {main}  
